2025-02-08 19:35:13,351 [Worker-5: Loading available Gradle versions] INFO  o.e.b.c.i.u.g.PublishedGradleVersions - Gradle version information cache is not available. Remote download required.
2025-02-08 19:36:45,390 [Worker-7: Loading available Gradle versions] INFO  o.e.b.c.i.u.g.PublishedGradleVersions - Gradle version information cache is up-to-date. Trying to read.
2025-02-08 19:50:09,531 [Worker-17: Import Getting Started Content] INFO  o.e.m.c.i.l.LifecycleMappingFactory - Using org.eclipse.m2e.jdt.JarLifecycleMapping lifecycle mapping for MavenProject: com:Canciones:0.0.1-SNAPSHOT @ C:\Users\borge\Downloads\Cursos\Bootcamp Fullstack Java\JAVA\Coding Dojo - Core JAVA\Spring\Mostrar Canciones CORE\Canciones\pom.xml.
2025-02-08 19:50:16,413 [Worker-17: Import Getting Started Content] INFO  o.e.m.j.i.AbstractJavaProjectConfigurator - Adding source folder /Canciones/src/main/java
2025-02-08 19:50:16,417 [Worker-17: Import Getting Started Content] INFO  o.e.m.j.i.AbstractJavaProjectConfigurator - Adding resource folder /Canciones/src/main/resources
2025-02-08 19:50:16,436 [Worker-17: Import Getting Started Content] INFO  o.e.m.j.i.AbstractJavaProjectConfigurator - Adding resource folder /Canciones/src/main/resources
2025-02-08 19:50:16,451 [Worker-17: Import Getting Started Content] INFO  o.e.m.j.i.AbstractJavaProjectConfigurator - Adding source folder /Canciones/src/test/java
2025-02-08 19:50:16,454 [Worker-17: Import Getting Started Content] INFO  o.e.m.j.i.AbstractJavaProjectConfigurator - Adding resource folder /Canciones/src/test/resources
2025-02-08 19:50:17,813 [Worker-17: Import Getting Started Content] INFO  o.e.m.c.i.p.ProjectConfigurationManager - Imported and configured 1 project(s) in 16 sec
2025-02-08 19:50:17,823 [Worker-17: Import Getting Started Content] INFO  o.e.m.c.i.p.ProjectConfigurationManager - Update started
2025-02-08 19:50:18,422 [Worker-17: Import Getting Started Content] INFO  o.e.m.c.i.l.LifecycleMappingFactory - Using org.eclipse.m2e.jdt.JarLifecycleMapping lifecycle mapping for MavenProject: com:Canciones:0.0.1-SNAPSHOT @ C:\Users\borge\Downloads\Cursos\Bootcamp Fullstack Java\JAVA\Coding Dojo - Core JAVA\Spring\Mostrar Canciones CORE\Canciones\pom.xml.
2025-02-08 19:50:19,090 [Worker-17: Import Getting Started Content] INFO  o.e.m.j.i.AbstractJavaProjectConfigurator - Adding source folder /Canciones/src/main/java
2025-02-08 19:50:19,091 [Worker-17: Import Getting Started Content] INFO  o.e.m.j.i.AbstractJavaProjectConfigurator - Adding resource folder /Canciones/src/main/resources
2025-02-08 19:50:19,092 [Worker-17: Import Getting Started Content] INFO  o.e.m.j.i.AbstractJavaProjectConfigurator - Adding resource folder /Canciones/src/main/resources
2025-02-08 19:50:19,093 [Worker-17: Import Getting Started Content] INFO  o.e.m.j.i.AbstractJavaProjectConfigurator - Adding source folder /Canciones/src/test/java
2025-02-08 19:50:19,095 [Worker-17: Import Getting Started Content] INFO  o.e.m.j.i.AbstractJavaProjectConfigurator - Adding resource folder /Canciones/src/test/resources
2025-02-08 19:50:19,713 [Worker-17: Import Getting Started Content] INFO  o.e.m.c.i.p.ProjectConfigurationManager - Update completed for 1 poms: local refresh takes 0,00 sec, refresh facades takes 1,00 sec, update config takes 0,00 sec 
2025-02-08 19:50:20,844 [Worker-6: Building] INFO  o.a.m.s.f.DefaultMavenResourcesFiltering - Copying 1 resource from src\main\resources to target\classes
2025-02-08 19:50:20,887 [Worker-6: Building] INFO  o.a.m.s.f.DefaultMavenResourcesFiltering - Copying 0 resource from src\main\resources to target\classes
2025-02-08 19:50:20,896 [Worker-6: Building] INFO  o.a.m.s.f.DefaultMavenResourcesFiltering - skip non existing resourceDirectory C:\Users\borge\Downloads\Cursos\Bootcamp Fullstack Java\JAVA\Coding Dojo - Core JAVA\Spring\Mostrar Canciones CORE\Canciones\src\test\resources
2025-02-08 19:56:46,120 [Worker-24: Building] INFO  o.e.m.c.i.l.LifecycleMappingFactory - Using org.eclipse.m2e.jdt.JarLifecycleMapping lifecycle mapping for MavenProject: com:Canciones:0.0.1-SNAPSHOT @ C:\Users\borge\Downloads\Cursos\Bootcamp Fullstack Java\JAVA\Coding Dojo - Core JAVA\Spring\Mostrar Canciones CORE\Canciones\pom.xml.
2025-02-08 19:56:50,041 [Worker-24: Building] INFO  o.a.m.s.f.DefaultMavenResourcesFiltering - Copying 0 resource from src\main\resources to target\classes
2025-02-08 19:56:50,042 [Worker-24: Building] INFO  o.a.m.s.f.DefaultMavenResourcesFiltering - Copying 0 resource from src\main\resources to target\classes
2025-02-08 19:56:50,048 [Worker-24: Building] INFO  o.a.m.s.f.DefaultMavenResourcesFiltering - skip non existing resourceDirectory C:\Users\borge\Downloads\Cursos\Bootcamp Fullstack Java\JAVA\Coding Dojo - Core JAVA\Spring\Mostrar Canciones CORE\Canciones\src\test\resources
2025-02-08 19:56:51,335 [Worker-20: Building] INFO  o.a.m.s.f.DefaultMavenResourcesFiltering - Copying 1 resource from src\main\resources to target\classes
2025-02-08 19:56:51,413 [Worker-20: Building] INFO  o.a.m.s.f.DefaultMavenResourcesFiltering - Copying 0 resource from src\main\resources to target\classes
2025-02-08 19:56:51,420 [Worker-20: Building] INFO  o.a.m.s.f.DefaultMavenResourcesFiltering - skip non existing resourceDirectory C:\Users\borge\Downloads\Cursos\Bootcamp Fullstack Java\JAVA\Coding Dojo - Core JAVA\Spring\Mostrar Canciones CORE\Canciones\src\test\resources
2025-02-08 19:59:11,387 [Worker-21: Building] INFO  o.a.m.s.f.DefaultMavenResourcesFiltering - Copying 1 resource from src\main\resources to target\classes
2025-02-08 19:59:11,423 [Worker-21: Building] INFO  o.a.m.s.f.DefaultMavenResourcesFiltering - Copying 0 resource from src\main\resources to target\classes
2025-02-08 19:59:11,438 [Worker-21: Building] INFO  o.a.m.s.f.DefaultMavenResourcesFiltering - skip non existing resourceDirectory C:\Users\borge\Downloads\Cursos\Bootcamp Fullstack Java\JAVA\Coding Dojo - Core JAVA\Spring\Mostrar Canciones CORE\Canciones\src\test\resources
2025-02-08 20:00:50,015 [Worker-24: Building] INFO  o.a.m.s.f.DefaultMavenResourcesFiltering - Copying 1 resource from src\main\resources to target\classes
2025-02-08 20:00:50,029 [Worker-24: Building] INFO  o.a.m.s.f.DefaultMavenResourcesFiltering - Copying 0 resource from src\main\resources to target\classes
2025-02-08 20:00:50,041 [Worker-24: Building] INFO  o.a.m.s.f.DefaultMavenResourcesFiltering - skip non existing resourceDirectory C:\Users\borge\Downloads\Cursos\Bootcamp Fullstack Java\JAVA\Coding Dojo - Core JAVA\Spring\Mostrar Canciones CORE\Canciones\src\test\resources
2025-02-08 20:07:58,784 [Worker-24: Building] INFO  o.a.m.s.f.DefaultMavenResourcesFiltering - Copying 1 resource from src\main\resources to target\classes
2025-02-08 20:07:58,799 [Worker-24: Building] INFO  o.a.m.s.f.DefaultMavenResourcesFiltering - Copying 0 resource from src\main\resources to target\classes
2025-02-08 20:07:58,808 [Worker-24: Building] INFO  o.a.m.s.f.DefaultMavenResourcesFiltering - skip non existing resourceDirectory C:\Users\borge\Downloads\Cursos\Bootcamp Fullstack Java\JAVA\Coding Dojo - Core JAVA\Spring\Mostrar Canciones CORE\Canciones\src\test\resources
2025-02-08 20:08:59,748 [Worker-29: Building] INFO  o.a.m.s.f.DefaultMavenResourcesFiltering - Copying 1 resource from src\main\resources to target\classes
2025-02-08 20:08:59,762 [Worker-29: Building] INFO  o.a.m.s.f.DefaultMavenResourcesFiltering - Copying 0 resource from src\main\resources to target\classes
2025-02-08 20:08:59,771 [Worker-29: Building] INFO  o.a.m.s.f.DefaultMavenResourcesFiltering - skip non existing resourceDirectory C:\Users\borge\Downloads\Cursos\Bootcamp Fullstack Java\JAVA\Coding Dojo - Core JAVA\Spring\Mostrar Canciones CORE\Canciones\src\test\resources
2025-02-08 20:13:50,482 [Worker-32: Building] INFO  o.a.m.s.f.DefaultMavenResourcesFiltering - Copying 1 resource from src\main\resources to target\classes
2025-02-08 20:13:50,517 [Worker-32: Building] INFO  o.a.m.s.f.DefaultMavenResourcesFiltering - Copying 0 resource from src\main\resources to target\classes
2025-02-08 20:13:50,529 [Worker-32: Building] INFO  o.a.m.s.f.DefaultMavenResourcesFiltering - skip non existing resourceDirectory C:\Users\borge\Downloads\Cursos\Bootcamp Fullstack Java\JAVA\Coding Dojo - Core JAVA\Spring\Mostrar Canciones CORE\Canciones\src\test\resources
2025-02-08 20:14:02,653 [Worker-34: Building] INFO  o.a.m.s.f.DefaultMavenResourcesFiltering - Copying 1 resource from src\main\resources to target\classes
2025-02-08 20:14:02,666 [Worker-34: Building] INFO  o.a.m.s.f.DefaultMavenResourcesFiltering - Copying 0 resource from src\main\resources to target\classes
2025-02-08 20:14:02,674 [Worker-34: Building] INFO  o.a.m.s.f.DefaultMavenResourcesFiltering - skip non existing resourceDirectory C:\Users\borge\Downloads\Cursos\Bootcamp Fullstack Java\JAVA\Coding Dojo - Core JAVA\Spring\Mostrar Canciones CORE\Canciones\src\test\resources
2025-02-08 20:22:32,828 [Worker-21: Building] INFO  o.a.m.s.f.DefaultMavenResourcesFiltering - Copying 1 resource from src\main\resources to target\classes
2025-02-08 20:22:32,881 [Worker-21: Building] INFO  o.a.m.s.f.DefaultMavenResourcesFiltering - Copying 0 resource from src\main\resources to target\classes
2025-02-08 20:22:32,887 [Worker-21: Building] INFO  o.a.m.s.f.DefaultMavenResourcesFiltering - skip non existing resourceDirectory C:\Users\borge\Downloads\Cursos\Bootcamp Fullstack Java\JAVA\Coding Dojo - Core JAVA\Spring\Mostrar Canciones CORE\Canciones\src\test\resources
2025-02-08 20:24:00,890 [Worker-38: Building] INFO  o.a.m.s.f.DefaultMavenResourcesFiltering - Copying 1 resource from src\main\resources to target\classes
2025-02-08 20:24:00,904 [Worker-38: Building] INFO  o.a.m.s.f.DefaultMavenResourcesFiltering - Copying 0 resource from src\main\resources to target\classes
2025-02-08 20:24:00,909 [Worker-38: Building] INFO  o.a.m.s.f.DefaultMavenResourcesFiltering - skip non existing resourceDirectory C:\Users\borge\Downloads\Cursos\Bootcamp Fullstack Java\JAVA\Coding Dojo - Core JAVA\Spring\Mostrar Canciones CORE\Canciones\src\test\resources
2025-02-08 20:24:09,295 [Worker-24: Building] INFO  o.a.m.s.f.DefaultMavenResourcesFiltering - Copying 1 resource from src\main\resources to target\classes
2025-02-08 20:24:09,307 [Worker-24: Building] INFO  o.a.m.s.f.DefaultMavenResourcesFiltering - Copying 0 resource from src\main\resources to target\classes
2025-02-08 20:24:09,312 [Worker-24: Building] INFO  o.a.m.s.f.DefaultMavenResourcesFiltering - skip non existing resourceDirectory C:\Users\borge\Downloads\Cursos\Bootcamp Fullstack Java\JAVA\Coding Dojo - Core JAVA\Spring\Mostrar Canciones CORE\Canciones\src\test\resources
2025-02-08 20:25:38,074 [Worker-37: Building] INFO  o.a.m.s.f.DefaultMavenResourcesFiltering - Copying 1 resource from src\main\resources to target\classes
2025-02-08 20:25:38,093 [Worker-37: Building] INFO  o.a.m.s.f.DefaultMavenResourcesFiltering - Copying 0 resource from src\main\resources to target\classes
2025-02-08 20:25:38,100 [Worker-37: Building] INFO  o.a.m.s.f.DefaultMavenResourcesFiltering - skip non existing resourceDirectory C:\Users\borge\Downloads\Cursos\Bootcamp Fullstack Java\JAVA\Coding Dojo - Core JAVA\Spring\Mostrar Canciones CORE\Canciones\src\test\resources
2025-02-08 20:27:44,374 [Start Help Server] INFO  org.eclipse.jetty.server.Server - jetty-12.0.15; built: 2024-11-05T19:44:57.623Z; git: 8281ae9740d4b4225e8166cc476bad237c70213a; jvm 21.0.5+11-LTS
2025-02-08 20:27:44,569 [Start Help Server] INFO  o.e.j.server.handler.ContextHandler - Started oeje8n.ContextHandler$CoreContextHandler@eb75f64{/help,/help,b=null,a=AVAILABLE,h=oeje8n.ContextHandler$CoreContextHandler$CoreToNestedHandler@15973fb{STARTED}}
2025-02-08 20:27:44,573 [Start Help Server] INFO  o.e.j.s.DefaultSessionIdManager - Session workerName=node0
2025-02-08 20:27:44,632 [Start Help Server] INFO  o.e.jetty.server.AbstractConnector - Started ServerConnector@3f1b1865{HTTP/1.1, (http/1.1)}{127.0.0.1:59416}
2025-02-08 20:27:44,659 [Start Help Server] INFO  org.eclipse.jetty.server.Server - Started oejs.Server@dd77629{STARTING}[12.0.15,sto=0] @3085539ms
2025-02-08 20:30:07,998 [Worker-32: Building] INFO  o.a.m.s.f.DefaultMavenResourcesFiltering - Copying 1 resource from src\main\resources to target\classes
2025-02-08 20:30:08,051 [Worker-32: Building] INFO  o.a.m.s.f.DefaultMavenResourcesFiltering - Copying 0 resource from src\main\resources to target\classes
2025-02-08 20:30:08,057 [Worker-32: Building] INFO  o.a.m.s.f.DefaultMavenResourcesFiltering - skip non existing resourceDirectory C:\Users\borge\Downloads\Cursos\Bootcamp Fullstack Java\JAVA\Coding Dojo - Core JAVA\Spring\Mostrar Canciones CORE\Canciones\src\test\resources
2025-02-08 20:32:40,211 [Worker-36: Building] INFO  o.a.m.s.f.DefaultMavenResourcesFiltering - Copying 1 resource from src\main\resources to target\classes
2025-02-08 20:32:40,244 [Worker-36: Building] INFO  o.a.m.s.f.DefaultMavenResourcesFiltering - Copying 0 resource from src\main\resources to target\classes
2025-02-08 20:32:40,250 [Worker-36: Building] INFO  o.a.m.s.f.DefaultMavenResourcesFiltering - skip non existing resourceDirectory C:\Users\borge\Downloads\Cursos\Bootcamp Fullstack Java\JAVA\Coding Dojo - Core JAVA\Spring\Mostrar Canciones CORE\Canciones\src\test\resources
2025-02-08 20:33:10,919 [Worker-37: Building] INFO  o.a.m.s.f.DefaultMavenResourcesFiltering - Copying 1 resource from src\main\resources to target\classes
2025-02-08 20:33:10,985 [Worker-37: Building] INFO  o.a.m.s.f.DefaultMavenResourcesFiltering - Copying 0 resource from src\main\resources to target\classes
2025-02-08 20:33:10,994 [Worker-37: Building] INFO  o.a.m.s.f.DefaultMavenResourcesFiltering - skip non existing resourceDirectory C:\Users\borge\Downloads\Cursos\Bootcamp Fullstack Java\JAVA\Coding Dojo - Core JAVA\Spring\Mostrar Canciones CORE\Canciones\src\test\resources
2025-02-08 20:33:38,043 [Worker-32: Building] INFO  o.a.m.s.f.DefaultMavenResourcesFiltering - Copying 1 resource from src\main\resources to target\classes
2025-02-08 20:33:38,062 [Worker-32: Building] INFO  o.a.m.s.f.DefaultMavenResourcesFiltering - Copying 0 resource from src\main\resources to target\classes
2025-02-08 20:33:38,071 [Worker-32: Building] INFO  o.a.m.s.f.DefaultMavenResourcesFiltering - skip non existing resourceDirectory C:\Users\borge\Downloads\Cursos\Bootcamp Fullstack Java\JAVA\Coding Dojo - Core JAVA\Spring\Mostrar Canciones CORE\Canciones\src\test\resources
2025-02-08 20:33:55,156 [Worker-37: Building] INFO  o.a.m.s.f.DefaultMavenResourcesFiltering - Copying 1 resource from src\main\resources to target\classes
2025-02-08 20:33:55,189 [Worker-37: Building] INFO  o.a.m.s.f.DefaultMavenResourcesFiltering - Copying 0 resource from src\main\resources to target\classes
2025-02-08 20:33:55,195 [Worker-37: Building] INFO  o.a.m.s.f.DefaultMavenResourcesFiltering - skip non existing resourceDirectory C:\Users\borge\Downloads\Cursos\Bootcamp Fullstack Java\JAVA\Coding Dojo - Core JAVA\Spring\Mostrar Canciones CORE\Canciones\src\test\resources
2025-02-08 20:34:45,149 [Worker-21: Building] INFO  o.a.m.s.f.DefaultMavenResourcesFiltering - Copying 1 resource from src\main\resources to target\classes
2025-02-08 20:34:45,182 [Worker-21: Building] INFO  o.a.m.s.f.DefaultMavenResourcesFiltering - Copying 0 resource from src\main\resources to target\classes
2025-02-08 20:34:45,188 [Worker-21: Building] INFO  o.a.m.s.f.DefaultMavenResourcesFiltering - skip non existing resourceDirectory C:\Users\borge\Downloads\Cursos\Bootcamp Fullstack Java\JAVA\Coding Dojo - Core JAVA\Spring\Mostrar Canciones CORE\Canciones\src\test\resources
2025-02-08 20:35:29,897 [Worker-37: Building] INFO  o.a.m.s.f.DefaultMavenResourcesFiltering - Copying 1 resource from src\main\resources to target\classes
2025-02-08 20:35:29,966 [Worker-37: Building] INFO  o.a.m.s.f.DefaultMavenResourcesFiltering - Copying 0 resource from src\main\resources to target\classes
2025-02-08 20:35:29,972 [Worker-37: Building] INFO  o.a.m.s.f.DefaultMavenResourcesFiltering - skip non existing resourceDirectory C:\Users\borge\Downloads\Cursos\Bootcamp Fullstack Java\JAVA\Coding Dojo - Core JAVA\Spring\Mostrar Canciones CORE\Canciones\src\test\resources
2025-02-08 20:37:47,126 [Worker-38: Building] INFO  o.a.m.s.f.DefaultMavenResourcesFiltering - Copying 1 resource from src\main\resources to target\classes
2025-02-08 20:37:47,143 [Worker-38: Building] INFO  o.a.m.s.f.DefaultMavenResourcesFiltering - Copying 0 resource from src\main\resources to target\classes
2025-02-08 20:37:47,148 [Worker-38: Building] INFO  o.a.m.s.f.DefaultMavenResourcesFiltering - skip non existing resourceDirectory C:\Users\borge\Downloads\Cursos\Bootcamp Fullstack Java\JAVA\Coding Dojo - Core JAVA\Spring\Mostrar Canciones CORE\Canciones\src\test\resources
2025-02-08 20:42:51,119 [Worker-37: Building] INFO  o.a.m.s.f.DefaultMavenResourcesFiltering - Copying 1 resource from src\main\resources to target\classes
2025-02-08 20:42:51,233 [Worker-37: Building] INFO  o.a.m.s.f.DefaultMavenResourcesFiltering - Copying 0 resource from src\main\resources to target\classes
2025-02-08 20:42:51,239 [Worker-37: Building] INFO  o.a.m.s.f.DefaultMavenResourcesFiltering - skip non existing resourceDirectory C:\Users\borge\Downloads\Cursos\Bootcamp Fullstack Java\JAVA\Coding Dojo - Core JAVA\Spring\Mostrar Canciones CORE\Canciones\src\test\resources
2025-02-08 20:44:10,457 [Worker-37: Building] INFO  o.a.m.s.f.DefaultMavenResourcesFiltering - Copying 1 resource from src\main\resources to target\classes
2025-02-08 20:44:10,551 [Worker-37: Building] INFO  o.a.m.s.f.DefaultMavenResourcesFiltering - Copying 0 resource from src\main\resources to target\classes
2025-02-08 20:44:10,558 [Worker-37: Building] INFO  o.a.m.s.f.DefaultMavenResourcesFiltering - skip non existing resourceDirectory C:\Users\borge\Downloads\Cursos\Bootcamp Fullstack Java\JAVA\Coding Dojo - Core JAVA\Spring\Mostrar Canciones CORE\Canciones\src\test\resources
2025-02-08 20:45:03,950 [Worker-37: Building] INFO  o.a.m.s.f.DefaultMavenResourcesFiltering - Copying 1 resource from src\main\resources to target\classes
2025-02-08 20:45:03,962 [Worker-37: Building] INFO  o.a.m.s.f.DefaultMavenResourcesFiltering - Copying 0 resource from src\main\resources to target\classes
2025-02-08 20:45:03,967 [Worker-37: Building] INFO  o.a.m.s.f.DefaultMavenResourcesFiltering - skip non existing resourceDirectory C:\Users\borge\Downloads\Cursos\Bootcamp Fullstack Java\JAVA\Coding Dojo - Core JAVA\Spring\Mostrar Canciones CORE\Canciones\src\test\resources
2025-02-08 21:25:31,778 [Worker-42: Building] INFO  o.a.m.s.f.DefaultMavenResourcesFiltering - Copying 1 resource from src\main\resources to target\classes
2025-02-08 21:25:31,822 [Worker-42: Building] INFO  o.a.m.s.f.DefaultMavenResourcesFiltering - Copying 0 resource from src\main\resources to target\classes
2025-02-08 21:25:31,829 [Worker-42: Building] INFO  o.a.m.s.f.DefaultMavenResourcesFiltering - skip non existing resourceDirectory C:\Users\borge\Downloads\Cursos\Bootcamp Fullstack Java\JAVA\Coding Dojo - Core JAVA\Spring\Mostrar Canciones CORE\Canciones\src\test\resources
2025-02-08 21:25:59,910 [Worker-42: Building] INFO  o.a.m.s.f.DefaultMavenResourcesFiltering - Copying 0 resource from src\main\resources to target\classes
2025-02-08 21:25:59,913 [Worker-42: Building] INFO  o.a.m.s.f.DefaultMavenResourcesFiltering - Copying 0 resource from src\main\resources to target\classes
2025-02-08 21:25:59,920 [Worker-42: Building] INFO  o.a.m.s.f.DefaultMavenResourcesFiltering - skip non existing resourceDirectory C:\Users\borge\Downloads\Cursos\Bootcamp Fullstack Java\JAVA\Coding Dojo - Core JAVA\Spring\Mostrar Canciones CORE\Canciones\src\test\resources
2025-02-09 02:44:25,512 [Worker-109: Building] INFO  o.a.m.s.f.DefaultMavenResourcesFiltering - Copying 0 resource from src\main\resources to target\classes
2025-02-09 02:44:25,516 [Worker-109: Building] INFO  o.a.m.s.f.DefaultMavenResourcesFiltering - Copying 0 resource from src\main\resources to target\classes
2025-02-09 02:44:25,523 [Worker-109: Building] INFO  o.a.m.s.f.DefaultMavenResourcesFiltering - skip non existing resourceDirectory C:\Users\borge\Downloads\Cursos\Bootcamp Fullstack Java\JAVA\Coding Dojo - Core JAVA\Spring\Mostrar Canciones CORE\Canciones\src\test\resources
2025-02-09 02:44:46,441 [Worker-109: Building] INFO  o.a.m.s.f.DefaultMavenResourcesFiltering - Copying 0 resource from src\main\resources to target\classes
2025-02-09 02:44:46,443 [Worker-109: Building] INFO  o.a.m.s.f.DefaultMavenResourcesFiltering - Copying 0 resource from src\main\resources to target\classes
2025-02-09 02:44:46,448 [Worker-109: Building] INFO  o.a.m.s.f.DefaultMavenResourcesFiltering - skip non existing resourceDirectory C:\Users\borge\Downloads\Cursos\Bootcamp Fullstack Java\JAVA\Coding Dojo - Core JAVA\Spring\Mostrar Canciones CORE\Canciones\src\test\resources
2025-02-09 02:44:53,030 [Worker-107: Building] INFO  o.a.m.s.f.DefaultMavenResourcesFiltering - Copying 0 resource from src\main\resources to target\classes
2025-02-09 02:44:53,031 [Worker-107: Building] INFO  o.a.m.s.f.DefaultMavenResourcesFiltering - Copying 0 resource from src\main\resources to target\classes
2025-02-09 02:44:53,036 [Worker-107: Building] INFO  o.a.m.s.f.DefaultMavenResourcesFiltering - skip non existing resourceDirectory C:\Users\borge\Downloads\Cursos\Bootcamp Fullstack Java\JAVA\Coding Dojo - Core JAVA\Spring\Mostrar Canciones CORE\Canciones\src\test\resources
2025-02-09 02:46:16,100 [Worker-99: Building] INFO  o.a.m.s.f.DefaultMavenResourcesFiltering - Copying 0 resource from src\main\resources to target\classes
2025-02-09 02:46:16,102 [Worker-99: Building] INFO  o.a.m.s.f.DefaultMavenResourcesFiltering - Copying 0 resource from src\main\resources to target\classes
2025-02-09 02:46:16,109 [Worker-99: Building] INFO  o.a.m.s.f.DefaultMavenResourcesFiltering - skip non existing resourceDirectory C:\Users\borge\Downloads\Cursos\Bootcamp Fullstack Java\JAVA\Coding Dojo - Core JAVA\Spring\Mostrar Canciones CORE\Canciones\src\test\resources
2025-02-09 02:47:20,907 [Worker-110: Building] INFO  o.a.m.s.f.DefaultMavenResourcesFiltering - Copying 0 resource from src\main\resources to target\classes
2025-02-09 02:47:20,909 [Worker-110: Building] INFO  o.a.m.s.f.DefaultMavenResourcesFiltering - Copying 0 resource from src\main\resources to target\classes
2025-02-09 02:47:20,916 [Worker-110: Building] INFO  o.a.m.s.f.DefaultMavenResourcesFiltering - skip non existing resourceDirectory C:\Users\borge\Downloads\Cursos\Bootcamp Fullstack Java\JAVA\Coding Dojo - Core JAVA\Spring\Mostrar Canciones CORE\Canciones\src\test\resources
2025-02-09 02:50:14,035 [Worker-111: Building] INFO  o.a.m.s.f.DefaultMavenResourcesFiltering - Copying 0 resource from src\main\resources to target\classes
2025-02-09 02:50:14,038 [Worker-111: Building] INFO  o.a.m.s.f.DefaultMavenResourcesFiltering - Copying 0 resource from src\main\resources to target\classes
2025-02-09 02:50:14,042 [Worker-111: Building] INFO  o.a.m.s.f.DefaultMavenResourcesFiltering - skip non existing resourceDirectory C:\Users\borge\Downloads\Cursos\Bootcamp Fullstack Java\JAVA\Coding Dojo - Core JAVA\Spring\Mostrar Canciones CORE\Canciones\src\test\resources
2025-02-09 02:53:36,499 [Worker-109: Building] INFO  o.a.m.s.f.DefaultMavenResourcesFiltering - Copying 0 resource from src\main\resources to target\classes
2025-02-09 02:53:36,504 [Worker-109: Building] INFO  o.a.m.s.f.DefaultMavenResourcesFiltering - Copying 0 resource from src\main\resources to target\classes
2025-02-09 02:53:36,511 [Worker-109: Building] INFO  o.a.m.s.f.DefaultMavenResourcesFiltering - skip non existing resourceDirectory C:\Users\borge\Downloads\Cursos\Bootcamp Fullstack Java\JAVA\Coding Dojo - Core JAVA\Spring\Mostrar Canciones CORE\Canciones\src\test\resources
2025-02-09 02:56:19,996 [Worker-99: Building] INFO  o.a.m.s.f.DefaultMavenResourcesFiltering - Copying 0 resource from src\main\resources to target\classes
2025-02-09 02:56:19,998 [Worker-99: Building] INFO  o.a.m.s.f.DefaultMavenResourcesFiltering - Copying 0 resource from src\main\resources to target\classes
2025-02-09 02:56:20,003 [Worker-99: Building] INFO  o.a.m.s.f.DefaultMavenResourcesFiltering - skip non existing resourceDirectory C:\Users\borge\Downloads\Cursos\Bootcamp Fullstack Java\JAVA\Coding Dojo - Core JAVA\Spring\Mostrar Canciones CORE\Canciones\src\test\resources
2025-02-09 02:58:38,316 [Worker-99: Building] INFO  o.a.m.s.f.DefaultMavenResourcesFiltering - Copying 0 resource from src\main\resources to target\classes
2025-02-09 02:58:38,320 [Worker-99: Building] INFO  o.a.m.s.f.DefaultMavenResourcesFiltering - Copying 0 resource from src\main\resources to target\classes
2025-02-09 02:58:38,324 [Worker-99: Building] INFO  o.a.m.s.f.DefaultMavenResourcesFiltering - skip non existing resourceDirectory C:\Users\borge\Downloads\Cursos\Bootcamp Fullstack Java\JAVA\Coding Dojo - Core JAVA\Spring\Mostrar Canciones CORE\Canciones\src\test\resources
2025-02-09 02:58:41,351 [Worker-110: Building] INFO  o.a.m.s.f.DefaultMavenResourcesFiltering - Copying 0 resource from src\main\resources to target\classes
2025-02-09 02:58:41,353 [Worker-110: Building] INFO  o.a.m.s.f.DefaultMavenResourcesFiltering - Copying 0 resource from src\main\resources to target\classes
2025-02-09 02:58:41,358 [Worker-110: Building] INFO  o.a.m.s.f.DefaultMavenResourcesFiltering - skip non existing resourceDirectory C:\Users\borge\Downloads\Cursos\Bootcamp Fullstack Java\JAVA\Coding Dojo - Core JAVA\Spring\Mostrar Canciones CORE\Canciones\src\test\resources
2025-02-09 02:58:50,344 [Worker-117: Building] INFO  o.a.m.s.f.DefaultMavenResourcesFiltering - Copying 0 resource from src\main\resources to target\classes
2025-02-09 02:58:50,345 [Worker-117: Building] INFO  o.a.m.s.f.DefaultMavenResourcesFiltering - Copying 0 resource from src\main\resources to target\classes
2025-02-09 02:58:50,350 [Worker-117: Building] INFO  o.a.m.s.f.DefaultMavenResourcesFiltering - skip non existing resourceDirectory C:\Users\borge\Downloads\Cursos\Bootcamp Fullstack Java\JAVA\Coding Dojo - Core JAVA\Spring\Mostrar Canciones CORE\Canciones\src\test\resources
2025-02-09 03:01:34,199 [Worker-99: Building] INFO  o.a.m.s.f.DefaultMavenResourcesFiltering - Copying 0 resource from src\main\resources to target\classes
2025-02-09 03:01:34,204 [Worker-99: Building] INFO  o.a.m.s.f.DefaultMavenResourcesFiltering - Copying 0 resource from src\main\resources to target\classes
2025-02-09 03:01:34,209 [Worker-99: Building] INFO  o.a.m.s.f.DefaultMavenResourcesFiltering - skip non existing resourceDirectory C:\Users\borge\Downloads\Cursos\Bootcamp Fullstack Java\JAVA\Coding Dojo - Core JAVA\Spring\Mostrar Canciones CORE\Canciones\src\test\resources
2025-02-09 03:02:02,321 [Worker-112: Building] INFO  o.a.m.s.f.DefaultMavenResourcesFiltering - Copying 0 resource from src\main\resources to target\classes
2025-02-09 03:02:02,322 [Worker-112: Building] INFO  o.a.m.s.f.DefaultMavenResourcesFiltering - Copying 0 resource from src\main\resources to target\classes
2025-02-09 03:02:02,328 [Worker-112: Building] INFO  o.a.m.s.f.DefaultMavenResourcesFiltering - skip non existing resourceDirectory C:\Users\borge\Downloads\Cursos\Bootcamp Fullstack Java\JAVA\Coding Dojo - Core JAVA\Spring\Mostrar Canciones CORE\Canciones\src\test\resources
2025-02-09 03:02:54,155 [Worker-99: Building] INFO  o.a.m.s.f.DefaultMavenResourcesFiltering - Copying 0 resource from src\main\resources to target\classes
2025-02-09 03:02:54,157 [Worker-99: Building] INFO  o.a.m.s.f.DefaultMavenResourcesFiltering - Copying 0 resource from src\main\resources to target\classes
2025-02-09 03:02:54,161 [Worker-99: Building] INFO  o.a.m.s.f.DefaultMavenResourcesFiltering - skip non existing resourceDirectory C:\Users\borge\Downloads\Cursos\Bootcamp Fullstack Java\JAVA\Coding Dojo - Core JAVA\Spring\Mostrar Canciones CORE\Canciones\src\test\resources
2025-02-09 03:03:23,138 [Worker-115: Launching Canciones - CancionesApplication] INFO  o.a.m.s.f.DefaultMavenResourcesFiltering - Copying 0 resource from src\main\resources to target\classes
2025-02-09 03:03:23,140 [Worker-115: Launching Canciones - CancionesApplication] INFO  o.a.m.s.f.DefaultMavenResourcesFiltering - Copying 0 resource from src\main\resources to target\classes
2025-02-09 03:03:23,147 [Worker-115: Launching Canciones - CancionesApplication] INFO  o.a.m.s.f.DefaultMavenResourcesFiltering - skip non existing resourceDirectory C:\Users\borge\Downloads\Cursos\Bootcamp Fullstack Java\JAVA\Coding Dojo - Core JAVA\Spring\Mostrar Canciones CORE\Canciones\src\test\resources
2025-02-09 03:04:19,352 [Worker-117: Building] INFO  o.a.m.s.f.DefaultMavenResourcesFiltering - Copying 0 resource from src\main\resources to target\classes
2025-02-09 03:04:19,354 [Worker-117: Building] INFO  o.a.m.s.f.DefaultMavenResourcesFiltering - Copying 0 resource from src\main\resources to target\classes
2025-02-09 03:04:19,357 [Worker-117: Building] INFO  o.a.m.s.f.DefaultMavenResourcesFiltering - skip non existing resourceDirectory C:\Users\borge\Downloads\Cursos\Bootcamp Fullstack Java\JAVA\Coding Dojo - Core JAVA\Spring\Mostrar Canciones CORE\Canciones\src\test\resources
2025-02-09 03:04:36,597 [Worker-112: Building] INFO  o.a.m.s.f.DefaultMavenResourcesFiltering - Copying 0 resource from src\main\resources to target\classes
2025-02-09 03:04:36,600 [Worker-112: Building] INFO  o.a.m.s.f.DefaultMavenResourcesFiltering - Copying 0 resource from src\main\resources to target\classes
2025-02-09 03:04:36,605 [Worker-112: Building] INFO  o.a.m.s.f.DefaultMavenResourcesFiltering - skip non existing resourceDirectory C:\Users\borge\Downloads\Cursos\Bootcamp Fullstack Java\JAVA\Coding Dojo - Core JAVA\Spring\Mostrar Canciones CORE\Canciones\src\test\resources
2025-02-09 03:05:44,542 [Worker-116: Building] INFO  o.a.m.s.f.DefaultMavenResourcesFiltering - Copying 0 resource from src\main\resources to target\classes
2025-02-09 03:05:44,543 [Worker-116: Building] INFO  o.a.m.s.f.DefaultMavenResourcesFiltering - Copying 0 resource from src\main\resources to target\classes
2025-02-09 03:05:44,549 [Worker-116: Building] INFO  o.a.m.s.f.DefaultMavenResourcesFiltering - skip non existing resourceDirectory C:\Users\borge\Downloads\Cursos\Bootcamp Fullstack Java\JAVA\Coding Dojo - Core JAVA\Spring\Mostrar Canciones CORE\Canciones\src\test\resources
2025-02-09 03:13:44,583 [Worker-113: Building] INFO  o.a.m.s.f.DefaultMavenResourcesFiltering - Copying 1 resource from src\main\resources to target\classes
2025-02-09 03:13:44,704 [Worker-113: Building] INFO  o.a.m.s.f.DefaultMavenResourcesFiltering - Copying 0 resource from src\main\resources to target\classes
2025-02-09 03:13:44,710 [Worker-113: Building] INFO  o.a.m.s.f.DefaultMavenResourcesFiltering - skip non existing resourceDirectory C:\Users\borge\Downloads\Cursos\Bootcamp Fullstack Java\JAVA\Coding Dojo - Core JAVA\Spring\Mostrar Canciones CORE\Canciones\src\test\resources
2025-02-09 03:24:04,156 [Worker-118: Building] INFO  o.a.m.s.f.DefaultMavenResourcesFiltering - Copying 1 resource from src\main\resources to target\classes
2025-02-09 03:24:04,268 [Worker-118: Building] INFO  o.a.m.s.f.DefaultMavenResourcesFiltering - Copying 0 resource from src\main\resources to target\classes
2025-02-09 03:24:04,272 [Worker-118: Building] INFO  o.a.m.s.f.DefaultMavenResourcesFiltering - skip non existing resourceDirectory C:\Users\borge\Downloads\Cursos\Bootcamp Fullstack Java\JAVA\Coding Dojo - Core JAVA\Spring\Mostrar Canciones CORE\Canciones\src\test\resources
2025-02-09 03:59:24,658 [Worker-113: Building] INFO  o.a.m.s.f.DefaultMavenResourcesFiltering - Copying 0 resource from src\main\resources to target\classes
2025-02-09 03:59:24,666 [Worker-113: Building] INFO  o.a.m.s.f.DefaultMavenResourcesFiltering - Copying 0 resource from src\main\resources to target\classes
2025-02-09 03:59:24,673 [Worker-113: Building] INFO  o.a.m.s.f.DefaultMavenResourcesFiltering - skip non existing resourceDirectory C:\Users\borge\Downloads\Cursos\Bootcamp Fullstack Java\JAVA\Coding Dojo - Core JAVA\Spring\Mostrar Canciones CORE\Canciones\src\test\resources
2025-02-09 04:00:43,021 [Worker-117: Building] INFO  o.a.m.s.f.DefaultMavenResourcesFiltering - Copying 0 resource from src\main\resources to target\classes
2025-02-09 04:00:43,023 [Worker-117: Building] INFO  o.a.m.s.f.DefaultMavenResourcesFiltering - Copying 0 resource from src\main\resources to target\classes
2025-02-09 04:00:43,027 [Worker-117: Building] INFO  o.a.m.s.f.DefaultMavenResourcesFiltering - skip non existing resourceDirectory C:\Users\borge\Downloads\Cursos\Bootcamp Fullstack Java\JAVA\Coding Dojo - Core JAVA\Spring\Mostrar Canciones CORE\Canciones\src\test\resources
2025-02-09 04:08:48,189 [Worker-113: Building] INFO  o.a.m.s.f.DefaultMavenResourcesFiltering - Copying 0 resource from src\main\resources to target\classes
2025-02-09 04:08:48,196 [Worker-113: Building] INFO  o.a.m.s.f.DefaultMavenResourcesFiltering - Copying 0 resource from src\main\resources to target\classes
2025-02-09 04:08:48,201 [Worker-113: Building] INFO  o.a.m.s.f.DefaultMavenResourcesFiltering - skip non existing resourceDirectory C:\Users\borge\Downloads\Cursos\Bootcamp Fullstack Java\JAVA\Coding Dojo - Core JAVA\Spring\Mostrar Canciones CORE\Canciones\src\test\resources
2025-02-09 04:14:25,063 [Worker-118: Building] INFO  o.a.m.s.f.DefaultMavenResourcesFiltering - Copying 0 resource from src\main\resources to target\classes
2025-02-09 04:14:25,068 [Worker-118: Building] INFO  o.a.m.s.f.DefaultMavenResourcesFiltering - Copying 0 resource from src\main\resources to target\classes
2025-02-09 04:14:25,074 [Worker-118: Building] INFO  o.a.m.s.f.DefaultMavenResourcesFiltering - skip non existing resourceDirectory C:\Users\borge\Downloads\Cursos\Bootcamp Fullstack Java\JAVA\Coding Dojo - Core JAVA\Spring\Mostrar Canciones CORE\Canciones\src\test\resources
2025-02-09 04:23:59,854 [Worker-112: Building] INFO  o.a.m.s.f.DefaultMavenResourcesFiltering - Copying 0 resource from src\main\resources to target\classes
2025-02-09 04:23:59,859 [Worker-112: Building] INFO  o.a.m.s.f.DefaultMavenResourcesFiltering - Copying 0 resource from src\main\resources to target\classes
2025-02-09 04:23:59,865 [Worker-112: Building] INFO  o.a.m.s.f.DefaultMavenResourcesFiltering - skip non existing resourceDirectory C:\Users\borge\Downloads\Cursos\Bootcamp Fullstack Java\JAVA\Coding Dojo - Core JAVA\Spring\Mostrar Canciones CORE\Canciones\src\test\resources
2025-02-09 04:24:44,587 [Worker-115: Building] INFO  o.a.m.s.f.DefaultMavenResourcesFiltering - Copying 0 resource from src\main\resources to target\classes
2025-02-09 04:24:44,588 [Worker-115: Building] INFO  o.a.m.s.f.DefaultMavenResourcesFiltering - Copying 0 resource from src\main\resources to target\classes
2025-02-09 04:24:44,595 [Worker-115: Building] INFO  o.a.m.s.f.DefaultMavenResourcesFiltering - skip non existing resourceDirectory C:\Users\borge\Downloads\Cursos\Bootcamp Fullstack Java\JAVA\Coding Dojo - Core JAVA\Spring\Mostrar Canciones CORE\Canciones\src\test\resources
2025-02-09 04:25:26,106 [Worker-116: Building] INFO  o.a.m.s.f.DefaultMavenResourcesFiltering - Copying 0 resource from src\main\resources to target\classes
2025-02-09 04:25:26,109 [Worker-116: Building] INFO  o.a.m.s.f.DefaultMavenResourcesFiltering - Copying 1 resource from src\main\resources to target\classes
2025-02-09 04:25:26,125 [Worker-116: Building] INFO  o.a.m.s.f.DefaultMavenResourcesFiltering - skip non existing resourceDirectory C:\Users\borge\Downloads\Cursos\Bootcamp Fullstack Java\JAVA\Coding Dojo - Core JAVA\Spring\Mostrar Canciones CORE\Canciones\src\test\resources
2025-02-09 04:25:27,192 [Worker-99: Building] INFO  o.a.m.s.f.DefaultMavenResourcesFiltering - Copying 0 resource from src\main\resources to target\classes
2025-02-09 04:25:27,194 [Worker-99: Building] INFO  o.a.m.s.f.DefaultMavenResourcesFiltering - Copying 1 resource from src\main\resources to target\classes
2025-02-09 04:25:27,203 [Worker-99: Building] INFO  o.a.m.s.f.DefaultMavenResourcesFiltering - skip non existing resourceDirectory C:\Users\borge\Downloads\Cursos\Bootcamp Fullstack Java\JAVA\Coding Dojo - Core JAVA\Spring\Mostrar Canciones CORE\Canciones\src\test\resources
2025-02-09 04:27:57,085 [Worker-118: Building] INFO  o.a.m.s.f.DefaultMavenResourcesFiltering - Copying 0 resource from src\main\resources to target\classes
2025-02-09 04:27:57,090 [Worker-118: Building] INFO  o.a.m.s.f.DefaultMavenResourcesFiltering - Copying 0 resource from src\main\resources to target\classes
2025-02-09 04:27:57,095 [Worker-118: Building] INFO  o.a.m.s.f.DefaultMavenResourcesFiltering - skip non existing resourceDirectory C:\Users\borge\Downloads\Cursos\Bootcamp Fullstack Java\JAVA\Coding Dojo - Core JAVA\Spring\Mostrar Canciones CORE\Canciones\src\test\resources
2025-02-09 04:35:35,992 [Worker-118: Building] INFO  o.a.m.s.f.DefaultMavenResourcesFiltering - Copying 0 resource from src\main\resources to target\classes
2025-02-09 04:35:35,999 [Worker-118: Building] INFO  o.a.m.s.f.DefaultMavenResourcesFiltering - Copying 1 resource from src\main\resources to target\classes
2025-02-09 04:35:36,009 [Worker-118: Building] INFO  o.a.m.s.f.DefaultMavenResourcesFiltering - skip non existing resourceDirectory C:\Users\borge\Downloads\Cursos\Bootcamp Fullstack Java\JAVA\Coding Dojo - Core JAVA\Spring\Mostrar Canciones CORE\Canciones\src\test\resources
2025-02-09 04:37:14,872 [Worker-110: Building] INFO  o.a.m.s.f.DefaultMavenResourcesFiltering - Copying 0 resource from src\main\resources to target\classes
2025-02-09 04:37:14,876 [Worker-110: Building] INFO  o.a.m.s.f.DefaultMavenResourcesFiltering - Copying 1 resource from src\main\resources to target\classes
2025-02-09 04:37:14,884 [Worker-110: Building] INFO  o.a.m.s.f.DefaultMavenResourcesFiltering - skip non existing resourceDirectory C:\Users\borge\Downloads\Cursos\Bootcamp Fullstack Java\JAVA\Coding Dojo - Core JAVA\Spring\Mostrar Canciones CORE\Canciones\src\test\resources
2025-02-09 04:40:42,339 [Worker-112: Building] INFO  o.a.m.s.f.DefaultMavenResourcesFiltering - Copying 0 resource from src\main\resources to target\classes
2025-02-09 04:40:42,345 [Worker-112: Building] INFO  o.a.m.s.f.DefaultMavenResourcesFiltering - Copying 1 resource from src\main\resources to target\classes
2025-02-09 04:40:42,353 [Worker-112: Building] INFO  o.a.m.s.f.DefaultMavenResourcesFiltering - skip non existing resourceDirectory C:\Users\borge\Downloads\Cursos\Bootcamp Fullstack Java\JAVA\Coding Dojo - Core JAVA\Spring\Mostrar Canciones CORE\Canciones\src\test\resources
2025-02-09 04:45:02,579 [Worker-113: Building] INFO  o.a.m.s.f.DefaultMavenResourcesFiltering - Copying 0 resource from src\main\resources to target\classes
2025-02-09 04:45:02,584 [Worker-113: Building] INFO  o.a.m.s.f.DefaultMavenResourcesFiltering - Copying 1 resource from src\main\resources to target\classes
2025-02-09 04:45:02,593 [Worker-113: Building] INFO  o.a.m.s.f.DefaultMavenResourcesFiltering - skip non existing resourceDirectory C:\Users\borge\Downloads\Cursos\Bootcamp Fullstack Java\JAVA\Coding Dojo - Core JAVA\Spring\Mostrar Canciones CORE\Canciones\src\test\resources
2025-02-09 05:03:23,201 [Stop Help Server] INFO  org.eclipse.jetty.server.Server - Stopped oejs.Server@dd77629{STOPPING}[12.0.15,sto=0]
2025-02-09 05:03:23,255 [Stop Help Server] INFO  o.e.jetty.server.AbstractConnector - Stopped ServerConnector@3f1b1865{HTTP/1.1, (http/1.1)}{127.0.0.1:0}
2025-02-09 14:06:25,851 [Worker-7: Loading available Gradle versions] INFO  o.e.b.c.i.u.g.PublishedGradleVersions - Gradle version information cache is up-to-date. Trying to read.
2025-02-09 14:14:43,856 [Worker-2: Building] INFO  o.a.m.s.f.DefaultMavenResourcesFiltering - Copying 1 resource from src\main\resources to target\classes
2025-02-09 14:14:43,947 [Worker-2: Building] INFO  o.a.m.s.f.DefaultMavenResourcesFiltering - Copying 1 resource from src\main\resources to target\classes
2025-02-09 14:14:43,965 [Worker-2: Building] INFO  o.a.m.s.f.DefaultMavenResourcesFiltering - skip non existing resourceDirectory C:\Users\borge\Downloads\Cursos\Bootcamp Fullstack Java\JAVA\Coding Dojo - Core JAVA\Spring\Mostrar Canciones CORE\Canciones\src\test\resources
2025-02-09 14:19:19,502 [Start Help Server] INFO  org.eclipse.jetty.server.Server - jetty-12.0.15; built: 2024-11-05T19:44:57.623Z; git: 8281ae9740d4b4225e8166cc476bad237c70213a; jvm 21.0.5+11-LTS
2025-02-09 14:19:19,806 [Start Help Server] INFO  o.e.j.server.handler.ContextHandler - Started oeje8n.ContextHandler$CoreContextHandler@538cd281{/help,/help,b=null,a=AVAILABLE,h=oeje8n.ContextHandler$CoreContextHandler$CoreToNestedHandler@7562111d{STARTED}}
2025-02-09 14:19:19,808 [Start Help Server] INFO  o.e.j.s.DefaultSessionIdManager - Session workerName=node0
2025-02-09 14:19:19,879 [Start Help Server] INFO  o.e.jetty.server.AbstractConnector - Started ServerConnector@7036ff86{HTTP/1.1, (http/1.1)}{127.0.0.1:65413}
2025-02-09 14:19:19,936 [Start Help Server] INFO  org.eclipse.jetty.server.Server - Started oejs.Server@66137b40{STARTING}[12.0.15,sto=0] @891319ms
2025-02-09 14:19:41,103 [Worker-2: Building] INFO  o.a.m.s.f.DefaultMavenResourcesFiltering - Copying 1 resource from src\main\resources to target\classes
2025-02-09 14:19:41,112 [Worker-2: Building] INFO  o.a.m.s.f.DefaultMavenResourcesFiltering - Copying 1 resource from src\main\resources to target\classes
2025-02-09 14:19:41,118 [Worker-2: Building] INFO  o.a.m.s.f.DefaultMavenResourcesFiltering - skip non existing resourceDirectory C:\Users\borge\Downloads\Cursos\Bootcamp Fullstack Java\JAVA\Coding Dojo - Core JAVA\Spring\Mostrar Canciones CORE\Canciones\src\test\resources
2025-02-09 14:40:12,794 [Worker-24: Building] INFO  o.a.m.s.f.DefaultMavenResourcesFiltering - Copying 1 resource from src\main\resources to target\classes
2025-02-09 14:40:12,819 [Worker-24: Building] INFO  o.a.m.s.f.DefaultMavenResourcesFiltering - Copying 1 resource from src\main\resources to target\classes
2025-02-09 14:40:12,827 [Worker-24: Building] INFO  o.a.m.s.f.DefaultMavenResourcesFiltering - skip non existing resourceDirectory C:\Users\borge\Downloads\Cursos\Bootcamp Fullstack Java\JAVA\Coding Dojo - Core JAVA\Spring\Mostrar Canciones CORE\Canciones\src\test\resources
2025-02-09 14:43:46,775 [Worker-24: Building] INFO  o.a.m.s.f.DefaultMavenResourcesFiltering - Copying 1 resource from src\main\resources to target\classes
2025-02-09 14:43:46,792 [Worker-24: Building] INFO  o.a.m.s.f.DefaultMavenResourcesFiltering - Copying 1 resource from src\main\resources to target\classes
2025-02-09 14:43:46,804 [Worker-24: Building] INFO  o.a.m.s.f.DefaultMavenResourcesFiltering - skip non existing resourceDirectory C:\Users\borge\Downloads\Cursos\Bootcamp Fullstack Java\JAVA\Coding Dojo - Core JAVA\Spring\Mostrar Canciones CORE\Canciones\src\test\resources
2025-02-09 14:44:48,098 [Worker-23: Building] INFO  o.a.m.s.f.DefaultMavenResourcesFiltering - Copying 0 resource from src\main\resources to target\classes
2025-02-09 14:44:48,100 [Worker-23: Building] INFO  o.a.m.s.f.DefaultMavenResourcesFiltering - Copying 0 resource from src\main\resources to target\classes
2025-02-09 14:44:48,110 [Worker-23: Building] INFO  o.a.m.s.f.DefaultMavenResourcesFiltering - skip non existing resourceDirectory C:\Users\borge\Downloads\Cursos\Bootcamp Fullstack Java\JAVA\Coding Dojo - Core JAVA\Spring\Mostrar Canciones CORE\Canciones\src\test\resources
2025-02-09 14:54:21,493 [Worker-23: Building] INFO  o.a.m.s.f.DefaultMavenResourcesFiltering - Copying 0 resource from src\main\resources to target\classes
2025-02-09 14:54:21,495 [Worker-23: Building] INFO  o.a.m.s.f.DefaultMavenResourcesFiltering - Copying 0 resource from src\main\resources to target\classes
2025-02-09 14:54:21,501 [Worker-23: Building] INFO  o.a.m.s.f.DefaultMavenResourcesFiltering - skip non existing resourceDirectory C:\Users\borge\Downloads\Cursos\Bootcamp Fullstack Java\JAVA\Coding Dojo - Core JAVA\Spring\Mostrar Canciones CORE\Canciones\src\test\resources
2025-02-09 14:54:25,212 [Worker-28: Building] INFO  o.a.m.s.f.DefaultMavenResourcesFiltering - Copying 1 resource from src\main\resources to target\classes
2025-02-09 14:54:25,237 [Worker-28: Building] INFO  o.a.m.s.f.DefaultMavenResourcesFiltering - Copying 1 resource from src\main\resources to target\classes
2025-02-09 14:54:25,245 [Worker-28: Building] INFO  o.a.m.s.f.DefaultMavenResourcesFiltering - skip non existing resourceDirectory C:\Users\borge\Downloads\Cursos\Bootcamp Fullstack Java\JAVA\Coding Dojo - Core JAVA\Spring\Mostrar Canciones CORE\Canciones\src\test\resources
2025-02-09 15:04:05,222 [Worker-30: Building] INFO  o.a.m.s.f.DefaultMavenResourcesFiltering - Copying 0 resource from src\main\resources to target\classes
2025-02-09 15:04:05,225 [Worker-30: Building] INFO  o.a.m.s.f.DefaultMavenResourcesFiltering - Copying 0 resource from src\main\resources to target\classes
2025-02-09 15:04:05,232 [Worker-30: Building] INFO  o.a.m.s.f.DefaultMavenResourcesFiltering - skip non existing resourceDirectory C:\Users\borge\Downloads\Cursos\Bootcamp Fullstack Java\JAVA\Coding Dojo - Core JAVA\Spring\Mostrar Canciones CORE\Canciones\src\test\resources
2025-02-09 15:07:17,983 [Worker-28: Building] INFO  o.a.m.s.f.DefaultMavenResourcesFiltering - Copying 0 resource from src\main\resources to target\classes
2025-02-09 15:07:17,985 [Worker-28: Building] INFO  o.a.m.s.f.DefaultMavenResourcesFiltering - Copying 0 resource from src\main\resources to target\classes
2025-02-09 15:07:17,990 [Worker-28: Building] INFO  o.a.m.s.f.DefaultMavenResourcesFiltering - skip non existing resourceDirectory C:\Users\borge\Downloads\Cursos\Bootcamp Fullstack Java\JAVA\Coding Dojo - Core JAVA\Spring\Mostrar Canciones CORE\Canciones\src\test\resources
2025-02-09 15:08:51,100 [Worker-36: Building] INFO  o.a.m.s.f.DefaultMavenResourcesFiltering - Copying 0 resource from src\main\resources to target\classes
2025-02-09 15:08:51,102 [Worker-36: Building] INFO  o.a.m.s.f.DefaultMavenResourcesFiltering - Copying 0 resource from src\main\resources to target\classes
2025-02-09 15:08:51,107 [Worker-36: Building] INFO  o.a.m.s.f.DefaultMavenResourcesFiltering - skip non existing resourceDirectory C:\Users\borge\Downloads\Cursos\Bootcamp Fullstack Java\JAVA\Coding Dojo - Core JAVA\Spring\Mostrar Canciones CORE\Canciones\src\test\resources
2025-02-09 15:10:07,397 [Worker-28: Building] INFO  o.a.m.s.f.DefaultMavenResourcesFiltering - Copying 0 resource from src\main\resources to target\classes
2025-02-09 15:10:07,399 [Worker-28: Building] INFO  o.a.m.s.f.DefaultMavenResourcesFiltering - Copying 0 resource from src\main\resources to target\classes
2025-02-09 15:10:07,404 [Worker-28: Building] INFO  o.a.m.s.f.DefaultMavenResourcesFiltering - skip non existing resourceDirectory C:\Users\borge\Downloads\Cursos\Bootcamp Fullstack Java\JAVA\Coding Dojo - Core JAVA\Spring\Mostrar Canciones CORE\Canciones\src\test\resources
2025-02-09 15:10:28,678 [Worker-36: Building] INFO  o.a.m.s.f.DefaultMavenResourcesFiltering - Copying 0 resource from src\main\resources to target\classes
2025-02-09 15:10:28,679 [Worker-36: Building] INFO  o.a.m.s.f.DefaultMavenResourcesFiltering - Copying 0 resource from src\main\resources to target\classes
2025-02-09 15:10:28,684 [Worker-36: Building] INFO  o.a.m.s.f.DefaultMavenResourcesFiltering - skip non existing resourceDirectory C:\Users\borge\Downloads\Cursos\Bootcamp Fullstack Java\JAVA\Coding Dojo - Core JAVA\Spring\Mostrar Canciones CORE\Canciones\src\test\resources
2025-02-09 15:11:39,392 [Worker-37: Building] INFO  o.a.m.s.f.DefaultMavenResourcesFiltering - Copying 0 resource from src\main\resources to target\classes
2025-02-09 15:11:39,393 [Worker-37: Building] INFO  o.a.m.s.f.DefaultMavenResourcesFiltering - Copying 0 resource from src\main\resources to target\classes
2025-02-09 15:11:39,397 [Worker-37: Building] INFO  o.a.m.s.f.DefaultMavenResourcesFiltering - skip non existing resourceDirectory C:\Users\borge\Downloads\Cursos\Bootcamp Fullstack Java\JAVA\Coding Dojo - Core JAVA\Spring\Mostrar Canciones CORE\Canciones\src\test\resources
2025-02-09 15:16:07,181 [Worker-35: Building] INFO  o.a.m.s.f.DefaultMavenResourcesFiltering - Copying 0 resource from src\main\resources to target\classes
2025-02-09 15:16:07,183 [Worker-35: Building] INFO  o.a.m.s.f.DefaultMavenResourcesFiltering - Copying 0 resource from src\main\resources to target\classes
2025-02-09 15:16:07,188 [Worker-35: Building] INFO  o.a.m.s.f.DefaultMavenResourcesFiltering - skip non existing resourceDirectory C:\Users\borge\Downloads\Cursos\Bootcamp Fullstack Java\JAVA\Coding Dojo - Core JAVA\Spring\Mostrar Canciones CORE\Canciones\src\test\resources
2025-02-09 15:18:37,069 [Worker-35: Building] INFO  o.a.m.s.f.DefaultMavenResourcesFiltering - Copying 1 resource from src\main\resources to target\classes
2025-02-09 15:18:37,081 [Worker-35: Building] INFO  o.a.m.s.f.DefaultMavenResourcesFiltering - Copying 1 resource from src\main\resources to target\classes
2025-02-09 15:18:37,087 [Worker-35: Building] INFO  o.a.m.s.f.DefaultMavenResourcesFiltering - skip non existing resourceDirectory C:\Users\borge\Downloads\Cursos\Bootcamp Fullstack Java\JAVA\Coding Dojo - Core JAVA\Spring\Mostrar Canciones CORE\Canciones\src\test\resources
2025-02-09 15:19:13,729 [Worker-39: Building] INFO  o.a.m.s.f.DefaultMavenResourcesFiltering - Copying 0 resource from src\main\resources to target\classes
2025-02-09 15:19:13,730 [Worker-39: Building] INFO  o.a.m.s.f.DefaultMavenResourcesFiltering - Copying 0 resource from src\main\resources to target\classes
2025-02-09 15:19:13,735 [Worker-39: Building] INFO  o.a.m.s.f.DefaultMavenResourcesFiltering - skip non existing resourceDirectory C:\Users\borge\Downloads\Cursos\Bootcamp Fullstack Java\JAVA\Coding Dojo - Core JAVA\Spring\Mostrar Canciones CORE\Canciones\src\test\resources
2025-02-09 15:21:29,555 [Worker-39: Building] INFO  o.a.m.s.f.DefaultMavenResourcesFiltering - Copying 0 resource from src\main\resources to target\classes
2025-02-09 15:21:29,557 [Worker-39: Building] INFO  o.a.m.s.f.DefaultMavenResourcesFiltering - Copying 0 resource from src\main\resources to target\classes
2025-02-09 15:21:29,564 [Worker-39: Building] INFO  o.a.m.s.f.DefaultMavenResourcesFiltering - skip non existing resourceDirectory C:\Users\borge\Downloads\Cursos\Bootcamp Fullstack Java\JAVA\Coding Dojo - Core JAVA\Spring\Mostrar Canciones CORE\Canciones\src\test\resources
2025-02-09 15:25:13,564 [Worker-31: Building] INFO  o.a.m.s.f.DefaultMavenResourcesFiltering - Copying 1 resource from src\main\resources to target\classes
2025-02-09 15:25:13,591 [Worker-31: Building] INFO  o.a.m.s.f.DefaultMavenResourcesFiltering - Copying 1 resource from src\main\resources to target\classes
2025-02-09 15:25:13,597 [Worker-31: Building] INFO  o.a.m.s.f.DefaultMavenResourcesFiltering - skip non existing resourceDirectory C:\Users\borge\Downloads\Cursos\Bootcamp Fullstack Java\JAVA\Coding Dojo - Core JAVA\Spring\Mostrar Canciones CORE\Canciones\src\test\resources
2025-02-09 15:26:53,208 [Worker-35: Building] INFO  o.a.m.s.f.DefaultMavenResourcesFiltering - Copying 1 resource from src\main\resources to target\classes
2025-02-09 15:26:53,219 [Worker-35: Building] INFO  o.a.m.s.f.DefaultMavenResourcesFiltering - Copying 1 resource from src\main\resources to target\classes
2025-02-09 15:26:53,224 [Worker-35: Building] INFO  o.a.m.s.f.DefaultMavenResourcesFiltering - skip non existing resourceDirectory C:\Users\borge\Downloads\Cursos\Bootcamp Fullstack Java\JAVA\Coding Dojo - Core JAVA\Spring\Mostrar Canciones CORE\Canciones\src\test\resources
